Determining if the pthread_create exist failed with the following output:
Change Dir: /home/natalie/workspaces/cs480Arnold/computer-graphics/PA7/cmake-build-debug/CMakeFiles/CMakeTmp

Run Build Command:"/usr/bin/make" "cmTC_ef12e/fast"
/usr/bin/make -f CMakeFiles/cmTC_ef12e.dir/build.make CMakeFiles/cmTC_ef12e.dir/build
make[1]: Entering directory '/home/natalie/workspaces/cs480Arnold/computer-graphics/PA7/cmake-build-debug/CMakeFiles/CMakeTmp'
Building C object CMakeFiles/cmTC_ef12e.dir/CheckSymbolExists.c.o
/usr/bin/cc    -o CMakeFiles/cmTC_ef12e.dir/CheckSymbolExists.c.o   -c /home/natalie/workspaces/cs480Arnold/computer-graphics/PA7/cmake-build-debug/CMakeFiles/CMakeTmp/CheckSymbolExists.c
Linking C executable cmTC_ef12e
/home/natalie/Downloads/clion-2018.2.2/bin/cmake/linux/bin/cmake -E cmake_link_script CMakeFiles/cmTC_ef12e.dir/link.txt --verbose=1
/usr/bin/cc      -rdynamic CMakeFiles/cmTC_ef12e.dir/CheckSymbolExists.c.o  -o cmTC_ef12e 
CMakeFiles/cmTC_ef12e.dir/CheckSymbolExists.c.o: In function `main':
CheckSymbolExists.c:(.text+0x1b): undefined reference to `pthread_create'
collect2: error: ld returned 1 exit status
CMakeFiles/cmTC_ef12e.dir/build.make:86: recipe for target 'cmTC_ef12e' failed
make[1]: *** [cmTC_ef12e] Error 1
make[1]: Leaving directory '/home/natalie/workspaces/cs480Arnold/computer-graphics/PA7/cmake-build-debug/CMakeFiles/CMakeTmp'
Makefile:121: recipe for target 'cmTC_ef12e/fast' failed
make: *** [cmTC_ef12e/fast] Error 2

File /home/natalie/workspaces/cs480Arnold/computer-graphics/PA7/cmake-build-debug/CMakeFiles/CMakeTmp/CheckSymbolExists.c:
/* */
#include <pthread.h>

int main(int argc, char** argv)
{
  (void)argv;
#ifndef pthread_create
  return ((int*)(&pthread_create))[argc];
#else
  (void)argc;
  return 0;
#endif
}

Determining if the function pthread_create exists in the pthreads failed with the following output:
Change Dir: /home/natalie/workspaces/cs480Arnold/computer-graphics/PA7/cmake-build-debug/CMakeFiles/CMakeTmp

Run Build Command:"/usr/bin/make" "cmTC_8a10e/fast"
/usr/bin/make -f CMakeFiles/cmTC_8a10e.dir/build.make CMakeFiles/cmTC_8a10e.dir/build
make[1]: Entering directory '/home/natalie/workspaces/cs480Arnold/computer-graphics/PA7/cmake-build-debug/CMakeFiles/CMakeTmp'
Building C object CMakeFiles/cmTC_8a10e.dir/CheckFunctionExists.c.o
/usr/bin/cc   -DCHECK_FUNCTION_EXISTS=pthread_create   -o CMakeFiles/cmTC_8a10e.dir/CheckFunctionExists.c.o   -c /home/natalie/Downloads/clion-2018.2.2/bin/cmake/linux/share/cmake-3.12/Modules/CheckFunctionExists.c
Linking C executable cmTC_8a10e
/home/natalie/Downloads/clion-2018.2.2/bin/cmake/linux/bin/cmake -E cmake_link_script CMakeFiles/cmTC_8a10e.dir/link.txt --verbose=1
/usr/bin/cc  -DCHECK_FUNCTION_EXISTS=pthread_create    -rdynamic CMakeFiles/cmTC_8a10e.dir/CheckFunctionExists.c.o  -o cmTC_8a10e -lpthreads 
/usr/bin/ld: cannot find -lpthreads
collect2: error: ld returned 1 exit status
CMakeFiles/cmTC_8a10e.dir/build.make:86: recipe for target 'cmTC_8a10e' failed
make[1]: *** [cmTC_8a10e] Error 1
make[1]: Leaving directory '/home/natalie/workspaces/cs480Arnold/computer-graphics/PA7/cmake-build-debug/CMakeFiles/CMakeTmp'
Makefile:121: recipe for target 'cmTC_8a10e/fast' failed
make: *** [cmTC_8a10e/fast] Error 2


