Determining if the pthread_create exist failed with the following output:
Change Dir: /home/natalie/workspaces/cs480Arnold/computer-graphics/PA11/build/CMakeFiles/CMakeTmp

Run Build Command:"/usr/bin/make" "cmTC_56eb9/fast"
/usr/bin/make -f CMakeFiles/cmTC_56eb9.dir/build.make CMakeFiles/cmTC_56eb9.dir/build
make[1]: Entering directory '/home/natalie/workspaces/cs480Arnold/computer-graphics/PA11/build/CMakeFiles/CMakeTmp'
Building C object CMakeFiles/cmTC_56eb9.dir/CheckSymbolExists.c.o
/usr/bin/cc    -o CMakeFiles/cmTC_56eb9.dir/CheckSymbolExists.c.o   -c /home/natalie/workspaces/cs480Arnold/computer-graphics/PA11/build/CMakeFiles/CMakeTmp/CheckSymbolExists.c
Linking C executable cmTC_56eb9
/usr/bin/cmake -E cmake_link_script CMakeFiles/cmTC_56eb9.dir/link.txt --verbose=1
/usr/bin/cc      -rdynamic CMakeFiles/cmTC_56eb9.dir/CheckSymbolExists.c.o  -o cmTC_56eb9 
CMakeFiles/cmTC_56eb9.dir/CheckSymbolExists.c.o: In function `main':
CheckSymbolExists.c:(.text+0x1b): undefined reference to `pthread_create'
collect2: error: ld returned 1 exit status
CMakeFiles/cmTC_56eb9.dir/build.make:97: recipe for target 'cmTC_56eb9' failed
make[1]: *** [cmTC_56eb9] Error 1
make[1]: Leaving directory '/home/natalie/workspaces/cs480Arnold/computer-graphics/PA11/build/CMakeFiles/CMakeTmp'
Makefile:126: recipe for target 'cmTC_56eb9/fast' failed
make: *** [cmTC_56eb9/fast] Error 2

File /home/natalie/workspaces/cs480Arnold/computer-graphics/PA11/build/CMakeFiles/CMakeTmp/CheckSymbolExists.c:
/* */
#include <pthread.h>

int main(int argc, char** argv)
{
  (void)argv;
#ifndef pthread_create
  return ((int*)(&pthread_create))[argc];
#else
  (void)argc;
  return 0;
#endif
}

Determining if the function pthread_create exists in the pthreads failed with the following output:
Change Dir: /home/natalie/workspaces/cs480Arnold/computer-graphics/PA11/build/CMakeFiles/CMakeTmp

Run Build Command:"/usr/bin/make" "cmTC_ffe6e/fast"
/usr/bin/make -f CMakeFiles/cmTC_ffe6e.dir/build.make CMakeFiles/cmTC_ffe6e.dir/build
make[1]: Entering directory '/home/natalie/workspaces/cs480Arnold/computer-graphics/PA11/build/CMakeFiles/CMakeTmp'
Building C object CMakeFiles/cmTC_ffe6e.dir/CheckFunctionExists.c.o
/usr/bin/cc   -DCHECK_FUNCTION_EXISTS=pthread_create   -o CMakeFiles/cmTC_ffe6e.dir/CheckFunctionExists.c.o   -c /usr/share/cmake-3.10/Modules/CheckFunctionExists.c
Linking C executable cmTC_ffe6e
/usr/bin/cmake -E cmake_link_script CMakeFiles/cmTC_ffe6e.dir/link.txt --verbose=1
/usr/bin/cc  -DCHECK_FUNCTION_EXISTS=pthread_create    -rdynamic CMakeFiles/cmTC_ffe6e.dir/CheckFunctionExists.c.o  -o cmTC_ffe6e -lpthreads 
/usr/bin/ld: cannot find -lpthreads
collect2: error: ld returned 1 exit status
CMakeFiles/cmTC_ffe6e.dir/build.make:97: recipe for target 'cmTC_ffe6e' failed
make[1]: *** [cmTC_ffe6e] Error 1
make[1]: Leaving directory '/home/natalie/workspaces/cs480Arnold/computer-graphics/PA11/build/CMakeFiles/CMakeTmp'
Makefile:126: recipe for target 'cmTC_ffe6e/fast' failed
make: *** [cmTC_ffe6e/fast] Error 2


