Determining if the pthread_create exist failed with the following output:
Change Dir: /home/natalie/workspaces/cs480Arnold/computer-graphics/PA5/cmake-build-debug/CMakeFiles/CMakeTmp

Run Build Command:"/usr/bin/make" "cmTC_032b1/fast"
/usr/bin/make -f CMakeFiles/cmTC_032b1.dir/build.make CMakeFiles/cmTC_032b1.dir/build
make[1]: Entering directory '/home/natalie/workspaces/cs480Arnold/computer-graphics/PA5/cmake-build-debug/CMakeFiles/CMakeTmp'
Building C object CMakeFiles/cmTC_032b1.dir/CheckSymbolExists.c.o
/usr/bin/cc    -o CMakeFiles/cmTC_032b1.dir/CheckSymbolExists.c.o   -c /home/natalie/workspaces/cs480Arnold/computer-graphics/PA5/cmake-build-debug/CMakeFiles/CMakeTmp/CheckSymbolExists.c
Linking C executable cmTC_032b1
/home/natalie/Downloads/clion-2018.2.2/bin/cmake/linux/bin/cmake -E cmake_link_script CMakeFiles/cmTC_032b1.dir/link.txt --verbose=1
/usr/bin/cc      -rdynamic CMakeFiles/cmTC_032b1.dir/CheckSymbolExists.c.o  -o cmTC_032b1 
CMakeFiles/cmTC_032b1.dir/CheckSymbolExists.c.o: In function `main':
CheckSymbolExists.c:(.text+0x1b): undefined reference to `pthread_create'
collect2: error: ld returned 1 exit status
CMakeFiles/cmTC_032b1.dir/build.make:86: recipe for target 'cmTC_032b1' failed
make[1]: *** [cmTC_032b1] Error 1
make[1]: Leaving directory '/home/natalie/workspaces/cs480Arnold/computer-graphics/PA5/cmake-build-debug/CMakeFiles/CMakeTmp'
Makefile:121: recipe for target 'cmTC_032b1/fast' failed
make: *** [cmTC_032b1/fast] Error 2

File /home/natalie/workspaces/cs480Arnold/computer-graphics/PA5/cmake-build-debug/CMakeFiles/CMakeTmp/CheckSymbolExists.c:
/* */
#include <pthread.h>

int main(int argc, char** argv)
{
  (void)argv;
#ifndef pthread_create
  return ((int*)(&pthread_create))[argc];
#else
  (void)argc;
  return 0;
#endif
}

Determining if the function pthread_create exists in the pthreads failed with the following output:
Change Dir: /home/natalie/workspaces/cs480Arnold/computer-graphics/PA5/cmake-build-debug/CMakeFiles/CMakeTmp

Run Build Command:"/usr/bin/make" "cmTC_5e2a5/fast"
/usr/bin/make -f CMakeFiles/cmTC_5e2a5.dir/build.make CMakeFiles/cmTC_5e2a5.dir/build
make[1]: Entering directory '/home/natalie/workspaces/cs480Arnold/computer-graphics/PA5/cmake-build-debug/CMakeFiles/CMakeTmp'
Building C object CMakeFiles/cmTC_5e2a5.dir/CheckFunctionExists.c.o
/usr/bin/cc   -DCHECK_FUNCTION_EXISTS=pthread_create   -o CMakeFiles/cmTC_5e2a5.dir/CheckFunctionExists.c.o   -c /home/natalie/Downloads/clion-2018.2.2/bin/cmake/linux/share/cmake-3.12/Modules/CheckFunctionExists.c
Linking C executable cmTC_5e2a5
/home/natalie/Downloads/clion-2018.2.2/bin/cmake/linux/bin/cmake -E cmake_link_script CMakeFiles/cmTC_5e2a5.dir/link.txt --verbose=1
/usr/bin/cc  -DCHECK_FUNCTION_EXISTS=pthread_create    -rdynamic CMakeFiles/cmTC_5e2a5.dir/CheckFunctionExists.c.o  -o cmTC_5e2a5 -lpthreads 
/usr/bin/x86_64-linux-gnu-ld: cannot find -lpthreads
collect2: error: ld returned 1 exit status
CMakeFiles/cmTC_5e2a5.dir/build.make:86: recipe for target 'cmTC_5e2a5' failed
make[1]: *** [cmTC_5e2a5] Error 1
make[1]: Leaving directory '/home/natalie/workspaces/cs480Arnold/computer-graphics/PA5/cmake-build-debug/CMakeFiles/CMakeTmp'
Makefile:121: recipe for target 'cmTC_5e2a5/fast' failed
make: *** [cmTC_5e2a5/fast] Error 2


